<?xml version="1.0" encoding="UTF-8"?>
<testsuite name="jsontosql.AppTest" tests="1" skipped="0" failures="0" errors="0" timestamp="2023-11-16T13:41:57" hostname="AADYAUNITECH-C0" time="0.019">
  <properties/>
  <testcase name="appHasAGreeting()" classname="jsontosql.AppTest" time="0.019"/>
  <system-out><![CDATA[]]></system-out>
  <system-err><![CDATA[]]></system-err>
</testsuite>
